PLINK v1.90b6.24 64-bit (6 Jun 2021)
Options in effect:
  --allow-no-sex
  --bfile MakeGeneticMap/example_bgl/1958BC.hg19.COPY.LiftDown_hg18.subset.GCchange
  --noweb
  --out MakeGeneticMap/example_bgl/1958BC.hg19.COPY.LiftDown_hg18.subset.GCchange
  --recode
  --silent

Hostname: d1p-hydrars01.ldi.lan
Working directory: /project/richards/guillaume.butler-laporte/hla_tapas/my_tapas/HLA-TAPAS
Start time: Wed Sep 14 09:38:34 2022

Note: --noweb has no effect since no web check is implemented yet.
Random number seed: 1663162714
128905 MB RAM detected; reserving 64452 MB for main workspace.
8016 variants loaded from .bim file.
100 people (0 males, 0 females, 100 ambiguous) loaded from .fam.
Ambiguous sex IDs written to
MakeGeneticMap/example_bgl/1958BC.hg19.COPY.LiftDown_hg18.subset.GCchange.nosex
.
Using 1 thread (no multithreaded calculations invoked).
Before main variant filters, 100 founders and 0 nonfounders present.
Calculating allele frequencies... done.
Total genotyping rate is exactly 1.
8016 variants and 100 people pass filters and QC.
Note: No phenotypes present.
--recode ped to
MakeGeneticMap/example_bgl/1958BC.hg19.COPY.LiftDown_hg18.subset.GCchange.ped +
MakeGeneticMap/example_bgl/1958BC.hg19.COPY.LiftDown_hg18.subset.GCchange.map
... done.

End time: Wed Sep 14 09:38:34 2022
